<?xml version="1.0" encoding="UTF-8"?>
<testng-results ignored="0" total="1" passed="1" failed="0" skipped="0">
  <reporter-output>
    <line>
      <![CDATA[Test Started]]>
    </line>
  </reporter-output>
  <suite started-at="2022-10-14T18:50:26 IST" name="Suite" finished-at="2022-10-14T18:50:39 IST" duration-ms="12828">
    <groups>
    </groups>
    <test started-at="2022-10-14T18:50:26 IST" name="Test" finished-at="2022-10-14T18:50:39 IST" duration-ms="12828">
      <class name="TestClasses.verifyUserscanSearchProduct">
        <test-method is-config="true" signature="beforeClass(java.lang.String)[pri:0, instance:TestClasses.verifyUserscanSearchProduct@8458f04]" started-at="2022-10-14T18:50:26 IST" name="beforeClass" finished-at="2022-10-14T18:50:37 IST" duration-ms="11300" status="PASS">
          <params>
            <param index="0">
              <value>
                <![CDATA[chrome]]>
              </value>
            </param>
          </params>
          <reporter-output>
          </reporter-output>
        </test-method> <!-- beforeClass -->
        <test-method is-config="true" signature="beforeMethod()[pri:0, instance:TestClasses.verifyUserscanSearchProduct@8458f04]" started-at="2022-10-14T18:50:38 IST" name="beforeMethod" finished-at="2022-10-14T18:50:38 IST" duration-ms="98" status="PASS">
          <reporter-output>
          </reporter-output>
        </test-method> <!-- beforeMethod -->
        <test-method signature="verifyUsercanSearchProduct()[pri:0, instance:TestClasses.verifyUserscanSearchProduct@8458f04]" started-at="2022-10-14T18:50:38 IST" name="verifyUsercanSearchProduct" finished-at="2022-10-14T18:50:38 IST" duration-ms="529" status="PASS">
          <reporter-output>
            <line>
              <![CDATA[Test Started]]>
            </line>
          </reporter-output>
        </test-method> <!-- verifyUsercanSearchProduct -->
        <test-method is-config="true" signature="afterTest()[pri:0, instance:TestClasses.verifyUserscanSearchProduct@8458f04]" started-at="2022-10-14T18:50:38 IST" name="afterTest" finished-at="2022-10-14T18:50:38 IST" duration-ms="1" status="PASS">
          <reporter-output>
          </reporter-output>
        </test-method> <!-- afterTest -->
        <test-method is-config="true" signature="afterClass()[pri:0, instance:TestClasses.verifyUserscanSearchProduct@8458f04]" started-at="2022-10-14T18:50:38 IST" name="afterClass" finished-at="2022-10-14T18:50:39 IST" duration-ms="795" status="PASS">
          <reporter-output>
          </reporter-output>
        </test-method> <!-- afterClass -->
      </class> <!-- TestClasses.verifyUserscanSearchProduct -->
    </test> <!-- Test -->
  </suite> <!-- Suite -->
</testng-results>
